0 info it worked if it ends with ok
1 warn npm npm does not support Node.js v0.10.33
2 warn npm You should probably upgrade to a newer version of node as we
3 warn npm can't make any promises that npm will work with this version.
4 warn npm You can find the latest version at https://nodejs.org/
5 verbose cli [ 'C:\\Users\\damien\\AppData\\Roaming\\npm\\node.exe',
5 verbose cli   'C:\\Users\\damien\\AppData\\Roaming\\npm\\node_modules\\npm\\bin\\npm-cli.js',
5 verbose cli   'start' ]
6 info using npm@4.0.3
7 info using node@v0.10.33
8 verbose run-script [ 'prestart', 'start', 'poststart' ]
9 info lifecycle angular-seed@0.0.0~prestart: angular-seed@0.0.0
10 verbose lifecycle angular-seed@0.0.0~prestart: unsafe-perm in lifecycle true
11 verbose lifecycle angular-seed@0.0.0~prestart: PATH: C:\Users\damien\AppData\Roaming\npm\node_modules\npm\bin\node-gyp-bin;C:\Users\damien\Desktop\Code\Angularjs\angular-seed\node_modules\.bin;C:\Users\damien\bin;C:\Program Files\Git\mingw64\bin;C:\Program Files\Git\usr\local\bin;C:\Program Files\Git\usr\bin;C:\Program Files\Git\usr\bin;C:\Program Files\Git\mingw64\bin;C:\Program Files\Git\usr\bin;C:\Users\damien\bin;C:\ProgramData\Oracle\Java\javapath;C:\Program Files (x86)\AMD APP\bin\x86_64;C:\Program Files (x86)\AMD APP\bin\x86;C:\WINDOWS\system32;C:\WINDOWS;C:\WINDOWS\System32\Wbem;C:\WINDOWS\System32\WindowsPowerShell\v1.0;C:\Program Files (x86)\Windows Live\Shared;C:\Program Files (x86)\ATI Technologies\ATI.ACE\Core-Static;C:\Program Files (x86)\MySQL\MySQL Utilities 1.3.4;C:\xampp\php\php;C:\xampp\php;C:\ProgramData\ComposerSetup\bin;C:\Users\damien\AppData\Roaming\Composer\vendor\bin;C:\Users\damien\AppData\Roaming\npm;C:\HashiCorp\Vagrant\bin;C:\Program Files\Git\cmd;C:\Program Files\nodejs;C:\Ruby23-x64\bin;C:\Users\damien\AppData\Local\atom\bin;C:\Users\damien\AppData\Local\Microsoft\WindowsApps;C:\Users\damien\AppData\Roaming\npm;C:\Program Files\Git\usr\bin\vendor_perl;C:\Program Files\Git\usr\bin\core_perl
12 verbose lifecycle angular-seed@0.0.0~prestart: CWD: C:\Users\damien\Desktop\Code\Angularjs\angular-seed
13 silly lifecycle angular-seed@0.0.0~prestart: Args: [ '/d /s /c', 'npm install' ]
14 silly lifecycle angular-seed@0.0.0~prestart: Returned: code: 0  signal: null
15 info lifecycle angular-seed@0.0.0~start: angular-seed@0.0.0
16 verbose lifecycle angular-seed@0.0.0~start: unsafe-perm in lifecycle true
17 verbose lifecycle angular-seed@0.0.0~start: PATH: C:\Users\damien\AppData\Roaming\npm\node_modules\npm\bin\node-gyp-bin;C:\Users\damien\Desktop\Code\Angularjs\angular-seed\node_modules\.bin;C:\Users\damien\bin;C:\Program Files\Git\mingw64\bin;C:\Program Files\Git\usr\local\bin;C:\Program Files\Git\usr\bin;C:\Program Files\Git\usr\bin;C:\Program Files\Git\mingw64\bin;C:\Program Files\Git\usr\bin;C:\Users\damien\bin;C:\ProgramData\Oracle\Java\javapath;C:\Program Files (x86)\AMD APP\bin\x86_64;C:\Program Files (x86)\AMD APP\bin\x86;C:\WINDOWS\system32;C:\WINDOWS;C:\WINDOWS\System32\Wbem;C:\WINDOWS\System32\WindowsPowerShell\v1.0;C:\Program Files (x86)\Windows Live\Shared;C:\Program Files (x86)\ATI Technologies\ATI.ACE\Core-Static;C:\Program Files (x86)\MySQL\MySQL Utilities 1.3.4;C:\xampp\php\php;C:\xampp\php;C:\ProgramData\ComposerSetup\bin;C:\Users\damien\AppData\Roaming\Composer\vendor\bin;C:\Users\damien\AppData\Roaming\npm;C:\HashiCorp\Vagrant\bin;C:\Program Files\Git\cmd;C:\Program Files\nodejs;C:\Ruby23-x64\bin;C:\Users\damien\AppData\Local\atom\bin;C:\Users\damien\AppData\Local\Microsoft\WindowsApps;C:\Users\damien\AppData\Roaming\npm;C:\Program Files\Git\usr\bin\vendor_perl;C:\Program Files\Git\usr\bin\core_perl
18 verbose lifecycle angular-seed@0.0.0~start: CWD: C:\Users\damien\Desktop\Code\Angularjs\angular-seed
19 silly lifecycle angular-seed@0.0.0~start: Args: [ '/d /s /c', 'http-server -a localhost -p 8000 -c-1 ./app' ]
20 silly lifecycle angular-seed@0.0.0~start: Returned: code: 8  signal: null
21 info lifecycle angular-seed@0.0.0~start: Failed to exec start script
22 verbose stack Error: angular-seed@0.0.0 start: `http-server -a localhost -p 8000 -c-1 ./app`
22 verbose stack Exit status 8
22 verbose stack     at EventEmitter.<anonymous> (C:\Users\damien\AppData\Roaming\npm\node_modules\npm\lib\utils\lifecycle.js:279:16)
22 verbose stack     at EventEmitter.emit (events.js:98:17)
22 verbose stack     at ChildProcess.<anonymous> (C:\Users\damien\AppData\Roaming\npm\node_modules\npm\lib\utils\spawn.js:40:14)
22 verbose stack     at ChildProcess.emit (events.js:98:17)
22 verbose stack     at maybeClose (child_process.js:756:16)
22 verbose stack     at Process.ChildProcess._handle.onexit (child_process.js:823:5)
23 verbose pkgid angular-seed@0.0.0
24 verbose cwd C:\Users\damien\Desktop\Code\Angularjs\angular-seed
25 error Windows_NT 6.2.9200
26 error argv "C:\\Users\\damien\\AppData\\Roaming\\npm\\node.exe" "C:\\Users\\damien\\AppData\\Roaming\\npm\\node_modules\\npm\\bin\\npm-cli.js" "start"
27 error node v0.10.33
28 error npm  v4.0.3
29 error code ELIFECYCLE
30 error angular-seed@0.0.0 start: `http-server -a localhost -p 8000 -c-1 ./app`
30 error Exit status 8
31 error Failed at the angular-seed@0.0.0 start script 'http-server -a localhost -p 8000 -c-1 ./app'.
31 error Make sure you have the latest version of node.js and npm installed.
31 error If you do, this is most likely a problem with the angular-seed package,
31 error not with npm itself.
31 error Tell the author that this fails on your system:
31 error     http-server -a localhost -p 8000 -c-1 ./app
31 error You can get information on how to open an issue for this project with:
31 error     npm bugs angular-seed
31 error Or if that isn't available, you can get their info via:
31 error     npm owner ls angular-seed
31 error There is likely additional logging output above.
32 verbose exit [ 1, true ]
